<?xml version="1.0" encoding="UTF-8"?>
<!-- Generated by org.testng.reporters.JUnitXMLReporter -->
<testsuite hostname="3279HIMANS2323D" ignored="0" name="Test" tests="1" failures="0" timestamp="03 Jan 2020 09:22:17 GMT" time="315.897" errors="0">
  <testcase name="@AfterTest appiumserverStop" time="0.0" classname="Paytm.MobileAutomation.Testcases.PaytmLoginTest">
    <failure type="java.lang.NullPointerException">
      <![CDATA[java.lang.NullPointerException
	at Paytm.MobileAutomation.base.paytmBaseClass.appiumserverstop(paytmBaseClass.java:92)
	at Paytm.MobileAutomation.Testcases.PaytmLoginTest.appiumserverStop(PaytmLoginTest.java:53)
... Removed 23 stack frames]]>
    </failure>
  </testcase> <!-- @AfterTest appiumserverStop -->
  <testcase name="Login" time="256.386" classname="Paytm.MobileAutomation.Testcases.PaytmLoginTest"/>
</testsuite> <!-- Test -->
